-------------------------------------------------------------------------------
Test set: scenario.CaixaEletronicoTest
-------------------------------------------------------------------------------
Tests run: 1, Failures: 0, Errors: 1, Skipped: 0, Time elapsed: 0.14 sec <<< FAILURE!
testScenario(scenario.CaixaEletronicoTest)  Time elapsed: 0.02 sec  <<< ERROR!
org.jbehave.scenario.errors.ScenarioNotFoundException: Scenario scenario/caixa_eletronico_test could not be found by classloader sun.misc.Launcher$AppClassLoader@6d4b473
	at org.jbehave.scenario.parser.ClasspathScenarioDefiner.loadInputStreamFor(ClasspathScenarioDefiner.java:63)
	at org.jbehave.scenario.parser.ClasspathScenarioDefiner.loadInputStreamFor(ClasspathScenarioDefiner.java:57)
	at org.jbehave.scenario.parser.ClasspathScenarioDefiner.loadScenarioDefinitionsFor(ClasspathScenarioDefiner.java:47)
	at org.jbehave.scenario.AbstractScenario.runScenario(AbstractScenario.java:74)
	at org.jbehave.scenario.JUnitScenario.runScenario(JUnitScenario.java:51)
	at org.jbehave.scenario.JUnitScenario.testScenario(JUnitScenario.java:73)
	at sun.reflect.NativeMethodAccessorImpl.invoke0(Native Method)
	at sun.reflect.NativeMethodAccessorImpl.invoke(NativeMethodAccessorImpl.java:57)
	at sun.reflect.DelegatingMethodAccessorImpl.invoke(DelegatingMethodAccessorImpl.java:43)
	at java.lang.reflect.Method.invoke(Method.java:606)
	at junit.framework.TestCase.runTest(TestCase.java:168)
	at junit.framework.TestCase.runBare(TestCase.java:134)
	at junit.framework.TestResult$1.protect(TestResult.java:110)
	at junit.framework.TestResult.runProtected(TestResult.java:128)
	at junit.framework.TestResult.run(TestResult.java:113)
	at junit.framework.TestCase.run(TestCase.java:124)
	at junit.framework.TestSuite.runTest(TestSuite.java:232)
	at junit.framework.TestSuite.run(TestSuite.java:227)
	at org.junit.internal.runners.JUnit38ClassRunner.run(JUnit38ClassRunner.java:79)
	at org.apache.maven.surefire.junit4.JUnit4TestSet.execute(JUnit4TestSet.java:53)
	at org.apache.maven.surefire.junit4.JUnit4Provider.executeTestSet(JUnit4Provider.java:123)
	at org.apache.maven.surefire.junit4.JUnit4Provider.invoke(JUnit4Provider.java:104)
	at sun.reflect.NativeMethodAccessorImpl.invoke0(Native Method)
	at sun.reflect.NativeMethodAccessorImpl.invoke(NativeMethodAccessorImpl.java:57)
	at sun.reflect.DelegatingMethodAccessorImpl.invoke(DelegatingMethodAccessorImpl.java:43)
	at java.lang.reflect.Method.invoke(Method.java:606)
	at org.apache.maven.surefire.util.ReflectionUtils.invokeMethodWithArray(ReflectionUtils.java:164)
	at org.apache.maven.surefire.booter.ProviderFactory$ProviderProxy.invoke(ProviderFactory.java:110)
	at org.apache.maven.surefire.booter.SurefireStarter.invokeProvider(SurefireStarter.java:175)
	at org.apache.maven.surefire.booter.SurefireStarter.runSuitesInProcessWhenForked(SurefireStarter.java:107)
	at org.apache.maven.surefire.booter.ForkedBooter.main(ForkedBooter.java:68)
