<?xml version="1.0" encoding="UTF-8" ?>
<testsuite failures="0" time="0.156" errors="1" skipped="0" tests="1" name="Testes.JavaMagazineServiceTest">
  <properties>
[...]
</properties>
  <testcase time="0" classname="org.apache.maven.surefire.junit4.JUnit4Provider" name="Testes.JavaMagazineServiceTest">
    <error message="Specification &apos;Testes.JavaMagazineServiceTest&apos; was not compiled properly (Spock AST transform was not run); try to do a clean build" type="org.spockframework.runtime.InvalidSpecException">org.spockframework.runtime.InvalidSpecException: Specification &apos;Testes.JavaMagazineServiceTest&apos; was not compiled properly (Spock AST transform was not run); try to do a clean build
	at org.spockframework.runtime.SpecUtil.checkIsSpec(SpecUtil.java:53)
	at org.spockframework.runtime.SpecInfoBuilder.buildSpec(SpecInfoBuilder.java:74)
	at org.spockframework.runtime.SpecInfoBuilder.doBuild(SpecInfoBuilder.java:56)
	at org.spockframework.runtime.SpecInfoBuilder.build(SpecInfoBuilder.java:42)
	at org.spockframework.runtime.Sputnik.getSpec(Sputnik.java:78)
	at org.spockframework.runtime.Sputnik.runExtensionsIfNecessary(Sputnik.java:86)
	at org.spockframework.runtime.Sputnik.run(Sputnik.java:61)
	at org.apache.maven.surefire.junit4.JUnit4TestSet.execute(JUnit4TestSet.java:53)
	at org.apache.maven.surefire.junit4.JUnit4Provider.executeTestSet(JUnit4Provider.java:123)
	at org.apache.maven.surefire.junit4.JUnit4Provider.invoke(JUnit4Provider.java:104)
	at sun.reflect.NativeMethodAccessorImpl.invoke0(Native Method)
	at sun.reflect.NativeMethodAccessorImpl.invoke(NativeMethodAccessorImpl.java:57)
	at sun.reflect.DelegatingMethodAccessorImpl.invoke(DelegatingMethodAccessorImpl.java:43)
	at java.lang.reflect.Method.invoke(Method.java:606)
	at org.apache.maven.surefire.util.ReflectionUtils.invokeMethodWithArray(ReflectionUtils.java:164)
	at org.apache.maven.surefire.booter.ProviderFactory$ProviderProxy.invoke(ProviderFactory.java:110)
	at org.apache.maven.surefire.booter.SurefireStarter.invokeProvider(SurefireStarter.java:175)
	at org.apache.maven.surefire.booter.SurefireStarter.runSuitesInProcessWhenForked(SurefireStarter.java:107)
	at org.apache.maven.surefire.booter.ForkedBooter.main(ForkedBooter.java:68)
</error>
  </testcase>
</testsuite>